#-----------------------------------------------------------
# Vivado v2020.2 (64-bit)
# SW Build 3064766 on Wed Nov 18 09:12:45 MST 2020
# IP Build 3064653 on Wed Nov 18 14:17:31 MST 2020
# Start of session at: Fri Nov  7 23:24:54 2025
# Process ID: 16736
# Current directory: C:/Users/mackr/426_Finial/Lab4_426_Week3-completed project
# Command line: vivado.exe -gui_launcher_event rodinguilauncherevent22224 C:\Users\mackr\426_Finial\Lab4_426_Week3-completed project\Lab_3_426.xpr
# Log file: C:/Users/mackr/426_Finial/Lab4_426_Week3-completed project/vivado.log
# Journal file: C:/Users/mackr/426_Finial/Lab4_426_Week3-completed project\vivado.jou
#-----------------------------------------------------------
start_gui
open_project {C:/Users/mackr/426_Finial/Lab4_426_Week3-completed project/Lab_3_426.xpr}
INFO: [Project 1-313] Project file moved from 'C:/Users/anshp/OneDrive/Desktop/Lab4_426_Week3-completed project' since last save.
CRITICAL WARNING: [Project 1-505] Unrecognized Option Name SimulatorVersionXsim
CRITICAL WARNING: [Project 1-505] Unrecognized Option Name SimulatorVersionModelSim
CRITICAL WARNING: [Project 1-505] Unrecognized Option Name SimulatorVersionQuesta
CRITICAL WARNING: [Project 1-505] Unrecognized Option Name SimulatorVersionXcelium
CRITICAL WARNING: [Project 1-505] Unrecognized Option Name SimulatorVersionVCS
CRITICAL WARNING: [Project 1-505] Unrecognized Option Name SimulatorVersionRiviera
CRITICAL WARNING: [Project 1-505] Unrecognized Option Name SimulatorVersionActiveHdl
CRITICAL WARNING: [Project 1-505] Unrecognized Option Name SimulatorGccVersionXsim
CRITICAL WARNING: [Project 1-505] Unrecognized Option Name SimulatorGccVersionModelSim
CRITICAL WARNING: [Project 1-505] Unrecognized Option Name SimulatorGccVersionQuesta
CRITICAL WARNING: [Project 1-505] Unrecognized Option Name SimulatorGccVersionXcelium
CRITICAL WARNING: [Project 1-505] Unrecognized Option Name SimulatorGccVersionVCS
CRITICAL WARNING: [Project 1-505] Unrecognized Option Name SimulatorGccVersionRiviera
CRITICAL WARNING: [Project 1-505] Unrecognized Option Name SimulatorGccVersionActiveHdl
WARNING: [filemgmt 56-2] Default IP Output Path : Could not find the directory 'C:/Users/mackr/426_Finial/Lab4_426_Week3-completed project/Lab_3_426.gen/sources_1', nor could it be found using path 'C:/Users/anshp/OneDrive/Desktop/Lab4_426_Week3-completed project/Lab_3_426.gen/sources_1'.
CRITICAL WARNING: [Project 1-505] Unrecognized Option Name EnableResourceEstimation
CRITICAL WARNING: [Project 1-505] Unrecognized Option Name SimCompileState
CRITICAL WARNING: [Project 1-505] Unrecognized Option Name FeatureSet
CRITICAL WARNING: [Project 1-505] Unrecognized Option Name ClassicSocBoot
CRITICAL WARNING: [Project 1-505] Unrecognized Option Name LocalIPRepoLeafDirName
CRITICAL WARNING: [Project 1-311] Could not find the file 'C:/Users/mackr/426_Finial/Lab4_426_Week3-completed project/top_level_tb_behav.wcfg', nor could it be found using path 'C:/Users/anshp/OneDrive/Desktop/Lab4_426_Week3-completed project/top_level_tb_behav.wcfg'.
Scanning sources...
Finished scanning sources
WARNING: [Project 1-231] Project 'Lab_3_426.xpr' was created with a future version and may or may not perform reliably with this version of Vivado. It has been opened in read-only mode for the protection of unrecognized data. Use 'File | Save Project As...' if you wish to alter a copy of the project.
INFO: [IP_Flow 19-234] Refreshing IP repositories
INFO: [IP_Flow 19-1704] No user IP repositories specified
INFO: [IP_Flow 19-2313] Loaded Vivado IP repository 'C:/Xilinx/Vivado/2020.2/data/ip'.
open_project: Time (s): cpu = 00:00:11 ; elapsed = 00:00:06 . Memory (MB): peak = 1018.633 ; gain = 0.000
update_compile_order -fileset sources_1
exit
INFO: [Common 17-206] Exiting Vivado at Fri Nov  7 23:57:55 2025...
