#-----------------------------------------------------------
# Vivado v2020.2 (64-bit)
# SW Build 3064766 on Wed Nov 18 09:12:45 MST 2020
# IP Build 3064653 on Wed Nov 18 14:17:31 MST 2020
# Start of session at: Mon Nov  3 17:43:30 2025
# Process ID: 18768
# Current directory: C:/Users/mackr/426_Finial/Lab_3_426
# Command line: vivado.exe -gui_launcher_event rodinguilauncherevent22588 C:\Users\mackr\426_Finial\Lab_3_426\Lab_3_426.xpr
# Log file: C:/Users/mackr/426_Finial/Lab_3_426/vivado.log
# Journal file: C:/Users/mackr/426_Finial/Lab_3_426\vivado.jou
#-----------------------------------------------------------
start_gui
open_project C:/Users/mackr/426_Finial/Lab_3_426/Lab_3_426.xpr
WARNING: [filemgmt 56-3] Default IP Output Path : Could not find the directory 'C:/Users/mackr/426_Finial/Lab_3_426/Lab_3_426.gen/sources_1'.
Scanning sources...
Finished scanning sources
INFO: [IP_Flow 19-234] Refreshing IP repositories
INFO: [Common 17-41] Interrupt caught. Command should exit soon.
INFO: [IP_Flow 19-1704] No user IP repositories specified
INFO: [IP_Flow 19-2338] Canceling the changes to the IP catalog. Reverting the catalog back to its previous state.
INFO: [IP_Flow 19-2340] The IP catalog has been returexit
INFO: [Common 17-206] Exiting Vivado at Tue Nov  4 00:45:07 2025...
lled
INFO: [IP_Flow 19-234] Refreshing IP repositories
INFO: [IP_Flow 19-1704] No user IP repositories specified
INFO: [IP_Flow 19-2313] Loaded Vivado IP repository 'C:/Xilinx/Vivado/2020.2/data/ip'.
exit
INFO: [Common 17-206] Exiting Vivado at Mon Nov  3 17:44:14 2025...
