#-----------------------------------------------------------
# Vivado v2020.2 (64-bit)
# SW Build 3064766 on Wed Nov 18 09:12:45 MST 2020
# IP Build 3064653 on Wed Nov 18 14:17:31 MST 2020
# Start of session at: Wed Oct 29 16:42:48 2025
# Process ID: 28768
# Current directory: C:/Users/mackr/426_Finial/Lab_3_426
# Command line: vivado.exe -gui_launcher_event rodinguilauncherevent2240 C:\Users\mackr\426_Finial\Lab_3_426\Lab_3_426.xpr
# Log file: C:/Users/mackr/426_Finial/Lab_3_426/vivado.log
# Journal file: C:/Users/mackr/426_Finial/Lab_3_426\vivado.jou
#-----------------------------------------------------------
start_gui
open_project C:/Users/mackr/426_Finial/Lab_3_426/Lab_3_426.xpr
INFO: [Project 1-313] Project file moved from 'C:/Users/mackr/Downloads/Uni Stuff/426/Lab3-1/Lab_3_426' since last save.
WARNING: [filemgmt 56-2] Default IP Output Path : Could not find the directory 'C:/Users/mackr/426_Finial/Lab_3_426/Lab_3_426.gen/sources_1', nor could it be found using path 'C:/Users/mackr/Downloads/Uni Stuff/426/Lab3-1/Lab_3_426/Lab_3_426.gen/sources_1'.
WARNING: [Project 1-312] File not found as 'C:/Users/mackr/426_Finial/top_level_tb.vhdl'; using path 'C:/Users/mackr/Downloads/Uni Stuff/426/Lab3-1/top_level_tb.vhdl' instead.
Scanning sources...
Finished scanning sources
WARNING: [Project 1-312] File not found as 'C:/Users/mackr/426_Finial/top_level_tb.vhdl'; using path 'C:/Users/mackr/Downloads/Uni Stuff/426/Lab3-1/top_level_tb.vhdl' instead.
INFO: [IP_Flow 19-234] Refreshing IP repositories
INFO: [IP_Flow 19-1704] No user IP repositories specified
INFO: [IP_Flow 19-2313] Loaded Vivado IP repository 'C:/Xilinx/Vivado/2020.2/data/ip'.
open_project: Time (s): cpu = 00:00:12 ; elapsed = 00:00:08 . Memory (MB): peak = 1017.820 ; gain = 0.000
update_compile_order -fileset sources_1
update_compile_order -fileset sources_1
update_compile_order -fileset sources_1
close [ open C:/Users/mackr/426_Finial/Lab_3_426/Lab_3_426.srcs/sources_1/new/alu_control.vhd w ]
add_files C:/Users/mackr/426_Finial/Lab_3_426/Lab_3_426.srcs/sources_1/new/alu_control.vhd
update_compile_order -fileset sources_1
close [ open C:/Users/mackr/426_Finial/Lab_3_426/Lab_3_426.srcs/sources_1/new/control_unit.vhd w ]
add_files C:/Users/mackr/426_Finial/Lab_3_426/Lab_3_426.srcs/sources_1/new/control_unit.vhd
update_compile_order -fileset sources_1
update_compile_order -fileset sources_1
update_compile_order -fileset sources_1
